2023-03-01 00:44:398 INFO  CheckOutStep2Page :36 - Verify the Totat $32.39Proxy element for: DefaultElementLocator 'By.xpath: //div[@class='summary_total_label']'
2023-03-01 00:59:824 INFO  CheckOutStep2Page :36 - Verify payment inforamtion[[ChromeDriver: chrome on WINDOWS (dd5e781d9ea4fb54010456485b56d895)] -> xpath: //div[contains(text(),'SauceCard #31337')]]
2023-03-01 01:04:890 INFO  CheckOutStep2Page :36 - Verify payment inforamtion[[ChromeDriver: chrome on WINDOWS (e055302a50baab3923d21b3bf0b0f63e)] -> xpath: //div[contains(text(),'SauceCard #31337')]]
2023-03-01 09:56:974 INFO  CheckOutStep2Page :36 - Verify payment inforamtion[[ChromeDriver: chrome on WINDOWS (7f3db89a2771d24b2423b6388e3f3313)] -> xpath: //div[contains(text(),'SauceCard #31337')]]
2023-03-01 10:00:375 INFO  CheckOutStep2Page :36 - Verify payment inforamtion[[ChromeDriver: chrome on WINDOWS (75e2e6f4d12d6d24511bd8e4d16421a1)] -> xpath: //div[contains(text(),'SauceCard #31337')]]
2023-03-01 10:36:895 INFO  HomePage :37 - Enter username :[[ChromeDriver: chrome on WINDOWS (171708a7b0fa67501087cd04842d5046)] -> id: user-name]
2023-03-01 10:36:162 INFO  HomePage :42 - Enter password :[[ChromeDriver: chrome on WINDOWS (171708a7b0fa67501087cd04842d5046)] -> id: password]
2023-03-01 10:36:287 INFO  HomePage :48 - Clicking on login button : [[ChromeDriver: chrome on WINDOWS (171708a7b0fa67501087cd04842d5046)] -> id: login-button]
2023-03-01 10:36:457 INFO  HomePage :53 - Verifying product text : [[ChromeDriver: chrome on WINDOWS (171708a7b0fa67501087cd04842d5046)] -> xpath: //span[@class='title']]
2023-03-01 10:36:560 INFO  ProductPage :39 - Clicking on bagpack : [[ChromeDriver: chrome on WINDOWS (171708a7b0fa67501087cd04842d5046)] -> xpath: //div[contains(text(),'Sauce Labs Backpack')]]
2023-03-01 10:36:680 INFO  ProductPage :48 - Clicking on add to cart button : [[ChromeDriver: chrome on WINDOWS (171708a7b0fa67501087cd04842d5046)] -> id: add-to-cart-sauce-labs-backpack]
2023-03-01 10:36:749 INFO  ProductPage :53 - Clicking on shopping cart icon  : [[ChromeDriver: chrome on WINDOWS (171708a7b0fa67501087cd04842d5046)] -> class name: shopping_cart_link]
2023-03-01 10:36:921 INFO  CheckOutPage :43 - Verifying cart title  : [[ChromeDriver: chrome on WINDOWS (171708a7b0fa67501087cd04842d5046)] -> css selector: .title]
2023-03-01 10:36:955 INFO  CheckOutPage :48 - Enter firstname :[[ChromeDriver: chrome on WINDOWS (171708a7b0fa67501087cd04842d5046)] -> id: first-name]
2023-03-01 10:36:64 INFO  CheckOutPage :53 - Enter Lastname :[[ChromeDriver: chrome on WINDOWS (171708a7b0fa67501087cd04842d5046)] -> id: last-name]
2023-03-01 10:36:173 INFO  CheckOutPage :58 - Enter Zip code :[[ChromeDriver: chrome on WINDOWS (171708a7b0fa67501087cd04842d5046)] -> id: postal-code]
2023-03-01 10:36:277 INFO  CheckOutPage :63 - Clicking on continue button :[[ChromeDriver: chrome on WINDOWS (171708a7b0fa67501087cd04842d5046)] -> id: continue]
2023-03-01 10:36:426 INFO  CheckOutStep2Page :40 - Verify payment inforamtion[[ChromeDriver: chrome on WINDOWS (171708a7b0fa67501087cd04842d5046)] -> xpath: //div[contains(text(),'SauceCard #31337')]]
2023-03-01 10:36:524 INFO  CompletePage :27 - Verifying text message : [[ChromeDriver: chrome on WINDOWS (171708a7b0fa67501087cd04842d5046)] -> xpath: //h2[contains(text(),'Thank you for your order!')]]
2023-03-01 12:19:865 INFO  HomePage :37 - Enter username :[[ChromeDriver: chrome on WINDOWS (262c1e58d2dff49becd22c2b9a5080ee)] -> id: user-name]
2023-03-01 12:19:147 INFO  HomePage :42 - Enter password :[[ChromeDriver: chrome on WINDOWS (262c1e58d2dff49becd22c2b9a5080ee)] -> id: password]
2023-03-01 12:19:341 INFO  HomePage :48 - Clicking on login button : [[ChromeDriver: chrome on WINDOWS (262c1e58d2dff49becd22c2b9a5080ee)] -> id: login-button]
2023-03-01 12:19:681 INFO  HomePage :53 - Verifying product text : [[ChromeDriver: chrome on WINDOWS (262c1e58d2dff49becd22c2b9a5080ee)] -> xpath: //span[@class='title']]
2023-03-01 12:19:906 INFO  ProductPage :39 - Clicking on bagpack : [[ChromeDriver: chrome on WINDOWS (262c1e58d2dff49becd22c2b9a5080ee)] -> xpath: //div[contains(text(),'Sauce Labs Backpack')]]
2023-03-01 12:19:144 INFO  ProductPage :48 - Clicking on add to cart button : [[ChromeDriver: chrome on WINDOWS (262c1e58d2dff49becd22c2b9a5080ee)] -> id: add-to-cart-sauce-labs-backpack]
2023-03-01 12:19:300 INFO  ProductPage :53 - Clicking on shopping cart icon  : [[ChromeDriver: chrome on WINDOWS (262c1e58d2dff49becd22c2b9a5080ee)] -> class name: shopping_cart_link]
2023-03-01 12:19:608 INFO  CheckOutPage :43 - Verifying cart title  : [[ChromeDriver: chrome on WINDOWS (262c1e58d2dff49becd22c2b9a5080ee)] -> css selector: .title]
2023-03-01 12:19:672 INFO  CheckOutPage :48 - Enter firstname :[[ChromeDriver: chrome on WINDOWS (262c1e58d2dff49becd22c2b9a5080ee)] -> id: first-name]
2023-03-01 12:19:852 INFO  CheckOutPage :53 - Enter Lastname :[[ChromeDriver: chrome on WINDOWS (262c1e58d2dff49becd22c2b9a5080ee)] -> id: last-name]
2023-03-01 12:19:54 INFO  CheckOutPage :58 - Enter Zip code :[[ChromeDriver: chrome on WINDOWS (262c1e58d2dff49becd22c2b9a5080ee)] -> id: postal-code]
2023-03-01 12:19:259 INFO  CheckOutPage :63 - Clicking on continue button :[[ChromeDriver: chrome on WINDOWS (262c1e58d2dff49becd22c2b9a5080ee)] -> id: continue]
2023-03-01 12:19:579 INFO  CheckOutStep2Page :40 - Verify payment inforamtion[[ChromeDriver: chrome on WINDOWS (262c1e58d2dff49becd22c2b9a5080ee)] -> xpath: //div[contains(text(),'SauceCard #31337')]]
2023-03-01 12:19:746 INFO  CompletePage :27 - Verifying text message : [[ChromeDriver: chrome on WINDOWS (262c1e58d2dff49becd22c2b9a5080ee)] -> xpath: //h2[contains(text(),'Thank you for your order!')]]
